info: Microsoft.EntityFrameworkCore.Database.Command[20101]
      Executed DbCommand (17ms) [Parameters=[], CommandType='Text', CommandTimeout='30']
      SELECT 1
info: Microsoft.EntityFrameworkCore.Database.Command[20101]
      Executed DbCommand (22ms) [Parameters=[], CommandType='Text', CommandTimeout='30']
      
      IF EXISTS
          (SELECT *
           FROM [sys].[objects] o
           WHERE [o].[type] = 'U'
           AND [o].[is_ms_shipped] = 0
           AND NOT EXISTS (SELECT *
               FROM [sys].[extended_properties] AS [ep]
               WHERE [ep].[major_id] = [o].[object_id]
                   AND [ep].[minor_id] = 0
                   AND [ep].[class] = 1
                   AND [ep].[name] = N'microsoft_database_tools_support'
          )
      )
      SELECT 1 ELSE SELECT 0
info: Microsoft.EntityFrameworkCore.Database.Command[20101]
      Executed DbCommand (1ms) [Parameters=[], CommandType='Text', CommandTimeout='30']
      IF OBJECT_ID(N'[Insumo]', N'U') IS NULL
BEGIN
    CREATE TABLE [Insumo](
        [id_insumo] int IDENTITY(1,1) NOT NULL PRIMARY KEY,
        [nombre] nvarchar(160) NOT NULL,
        [categoria] nvarchar(80) NOT NULL,
        [stock_actual] int NOT NULL,
        [stock_minimo] int NOT NULL,
        [unidad] nvarchar(40) NOT NULL,
        [actualizado_en] datetime2 NOT NULL
    );
END
IF OBJECT_ID(N'[Bitacoras]', N'U') IS NULL
BEGIN
    CREATE TABLE [Bitacoras](
        [IdBitacora] int IDENTITY(1,1) NOT NULL PRIMARY KEY,
        [Usuario] nvarchar(160) NOT NULL,
        [Rol] nvarchar(80) NOT NULL,
        [Modulo] nvarchar(80) NOT NULL,
        [Accion] nvarchar(180) NOT NULL,
        [Fecha] datetime2 NOT NULL
    );
END
info: Microsoft.EntityFrameworkCore.Database.Command[20101]
      Executed DbCommand (9ms) [Parameters=[], CommandType='Text', CommandTimeout='30']
      IF NOT EXISTS (SELECT 1 FROM Proveedor)
BEGIN
    INSERT INTO Proveedor (nombre_proveedor, rut_proveedor, correo, telefono)
    VALUES (N'Proveedor inicial', N'76.000.000-0', N'proveedor@colegio.cl', N'900000000');
END

IF NOT EXISTS (SELECT 1 FROM Marca)
BEGIN
    INSERT INTO Marca (nombre_marca)
    VALUES (N'Generica');
END

IF NOT EXISTS (SELECT 1 FROM Modelo)
BEGIN
    DECLARE @MarcaId int = (SELECT TOP 1 id_marca FROM Marca ORDER BY id_marca);
    INSERT INTO Modelo (id_marca, nombre_modelo)
    VALUES (@MarcaId, N'Modelo institucional');
END

IF NOT EXISTS (SELECT 1 FROM Tipo_tecnologia)
BEGIN
    INSERT INTO Tipo_tecnologia (nombre_tipotecnologia, descripcion)
    VALUES
        (N'Notebook', N'Equipo portatil'),
        (N'Proyector', N'Equipo audiovisual'),
        (N'Impresora', N'Equipo de impresion'),
        (N'Tablet', N'Dispositivo movil');
END

IF NOT EXISTS (SELECT 1 FROM Entrada_tecnologia)
BEGIN
    DECLARE @ProveedorId int = (SELECT TOP 1 id_proveedor FROM Proveedor ORDER BY id_proveedor);
    INSERT INTO Entrada_tecnologia (id_proveedor, fecha_entrada, cantidad, numero_factura)
    VALUES (@ProveedorId, CAST(GETDATE() AS date), 5, N'INI-2026');
END
info: Microsoft.EntityFrameworkCore.Database.Command[20101]
      Executed DbCommand (2ms) [Parameters=[], CommandType='Text', CommandTimeout='30']
      SELECT [r].[id_rol], [r].[nombre_rol]
      FROM [Rol] AS [r]
      ORDER BY [r].[id_rol]
info: Microsoft.EntityFrameworkCore.Database.Command[20101]
      Executed DbCommand (13ms) [Parameters=[@p0='?' (Size = 4000), @p1='?' (DbType = Int32)], CommandType='Text', CommandTimeout='30']
      UPDATE [Rol]
SET [nombre_rol] = @p0
WHERE [id_rol] = @p1;
info: Microsoft.EntityFrameworkCore.Database.Command[20101]
      Executed DbCommand (1ms) [Parameters=[@p0='?' (Size = 4000), @p1='?' (DbType = Int32)], CommandType='Text', CommandTimeout='30']
      UPDATE [Rol]
SET [nombre_rol] = @p0
WHERE [id_rol] = @p1;
info: Microsoft.EntityFrameworkCore.Database.Command[20101]
      Executed DbCommand (1ms) [Parameters=[@p0='?' (Size = 4000), @p1='?' (DbType = Int32)], CommandType='Text', CommandTimeout='30']
      UPDATE [Rol]
SET [nombre_rol] = @p0
WHERE [id_rol] = @p1;
info: Microsoft.EntityFrameworkCore.Database.Command[20101]
      Executed DbCommand (1ms) [Parameters=[@p0='?' (Size = 4000), @p1='?' (DbType = Int32)], CommandType='Text', CommandTimeout='30']
      UPDATE [Rol]
SET [nombre_rol] = @p0
WHERE [id_rol] = @p1;
info: Microsoft.EntityFrameworkCore.Database.Command[20101]
      Executed DbCommand (2ms) [Parameters=[@p0='?' (Size = 4000), @p1='?' (DbType = Int32)], CommandType='Text', CommandTimeout='30']
      UPDATE [Rol]
SET [nombre_rol] = @p0
WHERE [id_rol] = @p1;
info: Microsoft.EntityFrameworkCore.Database.Command[20101]
      Executed DbCommand (1ms) [Parameters=[@p0='?' (Size = 4000), @p1='?' (DbType = Int32)], CommandType='Text', CommandTimeout='30']
      UPDATE [Rol]
SET [nombre_rol] = @p0
WHERE [id_rol] = @p1;
info: Microsoft.EntityFrameworkCore.Database.Command[20101]
      Executed DbCommand (1ms) [Parameters=[@p0='?' (Size = 4000), @p1='?' (DbType = Int32)], CommandType='Text', CommandTimeout='30']
      UPDATE [Rol]
SET [nombre_rol] = @p0
WHERE [id_rol] = @p1;
info: Microsoft.EntityFrameworkCore.Database.Command[20101]
      Executed DbCommand (1ms) [Parameters=[@p0='?' (Size = 4000), @p1='?' (DbType = Int32)], CommandType='Text', CommandTimeout='30']
      UPDATE [Rol]
SET [nombre_rol] = @p0
WHERE [id_rol] = @p1;
info: Microsoft.EntityFrameworkCore.Database.Command[20101]
      Executed DbCommand (1ms) [Parameters=[], CommandType='Text', CommandTimeout='30']
      SELECT [r].[id_rol], [r].[nombre_rol]
      FROM [Rol] AS [r]
info: Microsoft.EntityFrameworkCore.Database.Command[20101]
      Executed DbCommand (1ms) [Parameters=[], CommandType='Text', CommandTimeout='30']
      SELECT [r].[id_rol], [r].[nombre_rol]
      FROM [Rol] AS [r]
      ORDER BY [r].[id_rol]
info: Microsoft.EntityFrameworkCore.Database.Command[20101]
      Executed DbCommand (1ms) [Parameters=[@p0='?' (Size = 4000), @p1='?' (DbType = Int32)], CommandType='Text', CommandTimeout='30']
      UPDATE [Rol]
SET [nombre_rol] = @p0
WHERE [id_rol] = @p1;
info: Microsoft.EntityFrameworkCore.Database.Command[20101]
      Executed DbCommand (1ms) [Parameters=[@p0='?' (Size = 4000), @p1='?' (DbType = Int32)], CommandType='Text', CommandTimeout='30']
      UPDATE [Rol]
SET [nombre_rol] = @p0
WHERE [id_rol] = @p1;
info: Microsoft.EntityFrameworkCore.Database.Command[20101]
      Executed DbCommand (1ms) [Parameters=[@p0='?' (Size = 4000), @p1='?' (DbType = Int32)], CommandType='Text', CommandTimeout='30']
      UPDATE [Rol]
SET [nombre_rol] = @p0
WHERE [id_rol] = @p1;
info: Microsoft.EntityFrameworkCore.Database.Command[20101]
      Executed DbCommand (1ms) [Parameters=[@p0='?' (Size = 4000), @p1='?' (DbType = Int32)], CommandType='Text', CommandTimeout='30']
      UPDATE [Rol]
SET [nombre_rol] = @p0
WHERE [id_rol] = @p1;
info: Microsoft.EntityFrameworkCore.Database.Command[20101]
      Executed DbCommand (1ms) [Parameters=[@p0='?' (Size = 4000), @p1='?' (DbType = Int32)], CommandType='Text', CommandTimeout='30']
      UPDATE [Rol]
SET [nombre_rol] = @p0
WHERE [id_rol] = @p1;
info: Microsoft.EntityFrameworkCore.Database.Command[20101]
      Executed DbCommand (2ms) [Parameters=[@p0='?' (Size = 4000), @p1='?' (DbType = Int32)], CommandType='Text', CommandTimeout='30']
      UPDATE [Rol]
SET [nombre_rol] = @p0
WHERE [id_rol] = @p1;
info: Microsoft.EntityFrameworkCore.Database.Command[20101]
      Executed DbCommand (1ms) [Parameters=[@p0='?' (Size = 4000), @p1='?' (DbType = Int32)], CommandType='Text', CommandTimeout='30']
      UPDATE [Rol]
SET [nombre_rol] = @p0
WHERE [id_rol] = @p1;
info: Microsoft.EntityFrameworkCore.Database.Command[20101]
      Executed DbCommand (1ms) [Parameters=[@p0='?' (Size = 4000), @p1='?' (DbType = Int32)], CommandType='Text', CommandTimeout='30']
      UPDATE [Rol]
SET [nombre_rol] = @p0
WHERE [id_rol] = @p1;
info: Microsoft.EntityFrameworkCore.Database.Command[20101]
      Executed DbCommand (5ms) [Parameters=[], CommandType='Text', CommandTimeout='30']
      IF COL_LENGTH(N'Rol', N'nombre_rol_normalizado') IS NULL
BEGIN
    ALTER TABLE [Rol]
    ADD [nombre_rol_normalizado] AS
        LTRIM(RTRIM(
            REPLACE(
                REPLACE(
                    REPLACE(
                        REPLACE(
                            REPLACE(
                                REPLACE(
                                    REPLACE(
                                        REPLACE(
                                            REPLACE(
                                                REPLACE(UPPER([nombre_rol]), N'Ą', N'A'),
                                            N'É', N'E'),
                                        N'ų', N'I'),
                                    N'Ó', N'O'),
                                N'ķ', N'U'),
                            N'Ü', N'U'),
                        N'ź', N'N'),
                    N'LIBRERIA', N'BIBLIOTECA'),
                N'ENCARGADO TECNOLOGIA', N'ENCARGADA TECNOLOGIA'),
            N'  ', N' ')
        )) PERSISTED;
END

IF NOT EXISTS (
    SELECT 1
    FROM sys.indexes
    WHERE name = N'UX_Rol_Nombre_Normalizado'
      AND object_id = OBJECT_ID(N'Rol')
)
BEGIN
    CREATE UNIQUE INDEX [UX_Rol_Nombre_Normalizado]
    ON [Rol]([nombre_rol_normalizado]);
END
info: Microsoft.EntityFrameworkCore.Database.Command[20101]
      Executed DbCommand (2ms) [Parameters=[], CommandType='Text', CommandTimeout='30']
      SELECT [d].[id_dependencia], [d].[id_tipodependencia], [d].[nombre_dependencia], [d].[responsable_dependencia]
      FROM [Dependencia] AS [d]
      ORDER BY [d].[id_dependencia]
info: Microsoft.EntityFrameworkCore.Database.Command[20101]
      Executed DbCommand (3ms) [Parameters=[@p0='?' (DbType = Int32), @p1='?' (Size = 4000), @p2='?' (Size = 4000), @p3='?' (DbType = Int32)], CommandType='Text', CommandTimeout='30']
      UPDATE [Dependencia]
SET [id_tipodependencia] = @p0,
    [nombre_dependencia] = @p1,
    [responsable_dependencia] = @p2
WHERE [id_dependencia] = @p3;
info: Microsoft.EntityFrameworkCore.Database.Command[20101]
      Executed DbCommand (1ms) [Parameters=[@p0='?' (DbType = Int32), @p1='?' (Size = 4000), @p2='?' (Size = 4000), @p3='?' (DbType = Int32)], CommandType='Text', CommandTimeout='30']
      UPDATE [Dependencia]
SET [id_tipodependencia] = @p0,
    [nombre_dependencia] = @p1,
    [responsable_dependencia] = @p2
WHERE [id_dependencia] = @p3;
info: Microsoft.EntityFrameworkCore.Database.Command[20101]
      Executed DbCommand (1ms) [Parameters=[@p0='?' (DbType = Int32), @p1='?' (Size = 4000), @p2='?' (Size = 4000), @p3='?' (DbType = Int32)], CommandType='Text', CommandTimeout='30']
      UPDATE [Dependencia]
SET [id_tipodependencia] = @p0,
    [nombre_dependencia] = @p1,
    [responsable_dependencia] = @p2
WHERE [id_dependencia] = @p3;
info: Microsoft.EntityFrameworkCore.Database.Command[20101]
      Executed DbCommand (1ms) [Parameters=[@p0='?' (DbType = Int32), @p1='?' (Size = 4000), @p2='?' (Size = 4000), @p3='?' (DbType = Int32)], CommandType='Text', CommandTimeout='30']
      UPDATE [Dependencia]
SET [id_tipodependencia] = @p0,
    [nombre_dependencia] = @p1,
    [responsable_dependencia] = @p2
WHERE [id_dependencia] = @p3;
info: Microsoft.EntityFrameworkCore.Database.Command[20101]
      Executed DbCommand (1ms) [Parameters=[@p0='?' (DbType = Int32), @p1='?' (Size = 4000), @p2='?' (Size = 4000), @p3='?' (DbType = Int32)], CommandType='Text', CommandTimeout='30']
      UPDATE [Dependencia]
SET [id_tipodependencia] = @p0,
    [nombre_dependencia] = @p1,
    [responsable_dependencia] = @p2
WHERE [id_dependencia] = @p3;
info: Microsoft.EntityFrameworkCore.Database.Command[20101]
      Executed DbCommand (1ms) [Parameters=[], CommandType='Text', CommandTimeout='30']
      SELECT [d].[id_dependencia], [d].[id_tipodependencia], [d].[nombre_dependencia], [d].[responsable_dependencia]
      FROM [Dependencia] AS [d]
info: Microsoft.EntityFrameworkCore.Database.Command[20101]
      Executed DbCommand (1ms) [Parameters=[], CommandType='Text', CommandTimeout='30']
      SELECT [d].[id_dependencia], [d].[id_tipodependencia], [d].[nombre_dependencia], [d].[responsable_dependencia]
      FROM [Dependencia] AS [d]
      ORDER BY [d].[id_dependencia]
info: Microsoft.EntityFrameworkCore.Database.Command[20101]
      Executed DbCommand (1ms) [Parameters=[@p0='?' (DbType = Int32), @p1='?' (Size = 4000), @p2='?' (Size = 4000), @p3='?' (DbType = Int32)], CommandType='Text', CommandTimeout='30']
      UPDATE [Dependencia]
SET [id_tipodependencia] = @p0,
    [nombre_dependencia] = @p1,
    [responsable_dependencia] = @p2
WHERE [id_dependencia] = @p3;
info: Microsoft.EntityFrameworkCore.Database.Command[20101]
      Executed DbCommand (1ms) [Parameters=[@p0='?' (DbType = Int32), @p1='?' (Size = 4000), @p2='?' (Size = 4000), @p3='?' (DbType = Int32)], CommandType='Text', CommandTimeout='30']
      UPDATE [Dependencia]
SET [id_tipodependencia] = @p0,
    [nombre_dependencia] = @p1,
    [responsable_dependencia] = @p2
WHERE [id_dependencia] = @p3;
info: Microsoft.EntityFrameworkCore.Database.Command[20101]
      Executed DbCommand (1ms) [Parameters=[@p0='?' (DbType = Int32), @p1='?' (Size = 4000), @p2='?' (Size = 4000), @p3='?' (DbType = Int32)], CommandType='Text', CommandTimeout='30']
      UPDATE [Dependencia]
SET [id_tipodependencia] = @p0,
    [nombre_dependencia] = @p1,
    [responsable_dependencia] = @p2
WHERE [id_dependencia] = @p3;
info: Microsoft.EntityFrameworkCore.Database.Command[20101]
      Executed DbCommand (1ms) [Parameters=[@p0='?' (DbType = Int32), @p1='?' (Size = 4000), @p2='?' (Size = 4000), @p3='?' (DbType = Int32)], CommandType='Text', CommandTimeout='30']
      UPDATE [Dependencia]
SET [id_tipodependencia] = @p0,
    [nombre_dependencia] = @p1,
    [responsable_dependencia] = @p2
WHERE [id_dependencia] = @p3;
info: Microsoft.EntityFrameworkCore.Database.Command[20101]
      Executed DbCommand (0ms) [Parameters=[@p0='?' (DbType = Int32), @p1='?' (Size = 4000), @p2='?' (Size = 4000), @p3='?' (DbType = Int32)], CommandType='Text', CommandTimeout='30']
      UPDATE [Dependencia]
SET [id_tipodependencia] = @p0,
    [nombre_dependencia] = @p1,
    [responsable_dependencia] = @p2
WHERE [id_dependencia] = @p3;
info: Microsoft.EntityFrameworkCore.Database.Command[20101]
      Executed DbCommand (4ms) [Parameters=[], CommandType='Text', CommandTimeout='30']
      IF COL_LENGTH(N'Dependencia', N'nombre_dependencia_normalizado') IS NULL
BEGIN
    ALTER TABLE [Dependencia]
    ADD [nombre_dependencia_normalizado] AS
        LTRIM(RTRIM(
            REPLACE(
                REPLACE(
                    REPLACE(
                        REPLACE(
                            REPLACE(
                                REPLACE(
                                    REPLACE(
                                        REPLACE(
                                            REPLACE(UPPER([nombre_dependencia]), N'Ą', N'A'),
                                        N'É', N'E'),
                                    N'ų', N'I'),
                                N'Ó', N'O'),
                            N'ķ', N'U'),
                        N'Ü', N'U'),
                    N'ź', N'N'),
                N' DE ', N' '),
            N'  ', N' ')
        )) PERSISTED;
END

IF NOT EXISTS (
    SELECT 1
    FROM sys.indexes
    WHERE name = N'UX_Dependencia_Nombre_Normalizado'
      AND object_id = OBJECT_ID(N'Dependencia')
)
BEGIN
    CREATE UNIQUE INDEX [UX_Dependencia_Nombre_Normalizado]
    ON [Dependencia]([nombre_dependencia_normalizado]);
END
info: Microsoft.EntityFrameworkCore.Database.Command[20101]
      Executed DbCommand (1ms) [Parameters=[], CommandType='Text', CommandTimeout='30']
      SELECT [r].[id_rol], [r].[nombre_rol]
      FROM [Rol] AS [r]
info: Microsoft.EntityFrameworkCore.Database.Command[20101]
      Executed DbCommand (2ms) [Parameters=[@__persona_RutPersonal_0='?' (Size = 450)], CommandType='Text', CommandTimeout='30']
      SELECT TOP(1) [p].[rut_personal], [p].[activo], [p].[apellido], [p].[cargo], [p].[correo], [p].[id_rol], [p].[nombre], [p].[password_legacy], [p].[telefono]
      FROM [Personal] AS [p]
      WHERE [p].[rut_personal] = @__persona_RutPersonal_0
info: Microsoft.EntityFrameworkCore.Database.Command[20101]
      Executed DbCommand (1ms) [Parameters=[@__persona_RutPersonal_0='?' (Size = 450)], CommandType='Text', CommandTimeout='30']
      SELECT TOP(1) [p].[rut_personal], [p].[activo], [p].[apellido], [p].[cargo], [p].[correo], [p].[id_rol], [p].[nombre], [p].[password_legacy], [p].[telefono]
      FROM [Personal] AS [p]
      WHERE [p].[rut_personal] = @__persona_RutPersonal_0
info: Microsoft.EntityFrameworkCore.Database.Command[20101]
      Executed DbCommand (0ms) [Parameters=[@__persona_RutPersonal_0='?' (Size = 450)], CommandType='Text', CommandTimeout='30']
      SELECT TOP(1) [p].[rut_personal], [p].[activo], [p].[apellido], [p].[cargo], [p].[correo], [p].[id_rol], [p].[nombre], [p].[password_legacy], [p].[telefono]
      FROM [Personal] AS [p]
      WHERE [p].[rut_personal] = @__persona_RutPersonal_0
info: Microsoft.EntityFrameworkCore.Database.Command[20101]
      Executed DbCommand (0ms) [Parameters=[@__persona_RutPersonal_0='?' (Size = 450)], CommandType='Text', CommandTimeout='30']
      SELECT TOP(1) [p].[rut_personal], [p].[activo], [p].[apellido], [p].[cargo], [p].[correo], [p].[id_rol], [p].[nombre], [p].[password_legacy], [p].[telefono]
      FROM [Personal] AS [p]
      WHERE [p].[rut_personal] = @__persona_RutPersonal_0
info: Microsoft.EntityFrameworkCore.Database.Command[20101]
      Executed DbCommand (1ms) [Parameters=[@__persona_RutPersonal_0='?' (Size = 450)], CommandType='Text', CommandTimeout='30']
      SELECT TOP(1) [p].[rut_personal], [p].[activo], [p].[apellido], [p].[cargo], [p].[correo], [p].[id_rol], [p].[nombre], [p].[password_legacy], [p].[telefono]
      FROM [Personal] AS [p]
      WHERE [p].[rut_personal] = @__persona_RutPersonal_0
info: Microsoft.EntityFrameworkCore.Database.Command[20101]
      Executed DbCommand (0ms) [Parameters=[@__persona_RutPersonal_0='?' (Size = 450)], CommandType='Text', CommandTimeout='30']
      SELECT TOP(1) [p].[rut_personal], [p].[activo], [p].[apellido], [p].[cargo], [p].[correo], [p].[id_rol], [p].[nombre], [p].[password_legacy], [p].[telefono]
      FROM [Personal] AS [p]
      WHERE [p].[rut_personal] = @__persona_RutPersonal_0
info: Microsoft.EntityFrameworkCore.Database.Command[20101]
      Executed DbCommand (2ms) [Parameters=[@__persona_RutPersonal_0='?' (Size = 450)], CommandType='Text', CommandTimeout='30']
      SELECT CASE
          WHEN EXISTS (
              SELECT 1
              FROM [Usuario] AS [u]
              WHERE [u].[rut_personal] = @__persona_RutPersonal_0) THEN CAST(1 AS bit)
          ELSE CAST(0 AS bit)
      END
info: Microsoft.EntityFrameworkCore.Database.Command[20101]
      Executed DbCommand (1ms) [Parameters=[@__persona_RutPersonal_0='?' (Size = 450)], CommandType='Text', CommandTimeout='30']
      SELECT TOP(1) [u].[id_usuario], [u].[activo], [u].[creado_en], [u].[id_rol], [u].[password_hash], [u].[rut_personal], [u].[ultimo_acceso]
      FROM [Usuario] AS [u]
      WHERE [u].[rut_personal] = @__persona_RutPersonal_0
info: Microsoft.EntityFrameworkCore.Database.Command[20101]
      Executed DbCommand (1ms) [Parameters=[@__persona_RutPersonal_0='?' (Size = 450)], CommandType='Text', CommandTimeout='30']
      SELECT CASE
          WHEN EXISTS (
              SELECT 1
              FROM [Usuario] AS [u]
              WHERE [u].[rut_personal] = @__persona_RutPersonal_0) THEN CAST(1 AS bit)
          ELSE CAST(0 AS bit)
      END
info: Microsoft.EntityFrameworkCore.Database.Command[20101]
      Executed DbCommand (1ms) [Parameters=[@__persona_RutPersonal_0='?' (Size = 450)], CommandType='Text', CommandTimeout='30']
      SELECT TOP(1) [u].[id_usuario], [u].[activo], [u].[creado_en], [u].[id_rol], [u].[password_hash], [u].[rut_personal], [u].[ultimo_acceso]
      FROM [Usuario] AS [u]
      WHERE [u].[rut_personal] = @__persona_RutPersonal_0
info: Microsoft.EntityFrameworkCore.Database.Command[20101]
      Executed DbCommand (0ms) [Parameters=[@__persona_RutPersonal_0='?' (Size = 450)], CommandType='Text', CommandTimeout='30']
      SELECT CASE
          WHEN EXISTS (
              SELECT 1
              FROM [Usuario] AS [u]
              WHERE [u].[rut_personal] = @__persona_RutPersonal_0) THEN CAST(1 AS bit)
          ELSE CAST(0 AS bit)
      END
info: Microsoft.EntityFrameworkCore.Database.Command[20101]
      Executed DbCommand (1ms) [Parameters=[@__persona_RutPersonal_0='?' (Size = 450)], CommandType='Text', CommandTimeout='30']
      SELECT TOP(1) [u].[id_usuario], [u].[activo], [u].[creado_en], [u].[id_rol], [u].[password_hash], [u].[rut_personal], [u].[ultimo_acceso]
      FROM [Usuario] AS [u]
      WHERE [u].[rut_personal] = @__persona_RutPersonal_0
info: Microsoft.EntityFrameworkCore.Database.Command[20101]
      Executed DbCommand (1ms) [Parameters=[@__persona_RutPersonal_0='?' (Size = 450)], CommandType='Text', CommandTimeout='30']
      SELECT CASE
          WHEN EXISTS (
              SELECT 1
              FROM [Usuario] AS [u]
              WHERE [u].[rut_personal] = @__persona_RutPersonal_0) THEN CAST(1 AS bit)
          ELSE CAST(0 AS bit)
      END
info: Microsoft.EntityFrameworkCore.Database.Command[20101]
      Executed DbCommand (0ms) [Parameters=[@__persona_RutPersonal_0='?' (Size = 450)], CommandType='Text', CommandTimeout='30']
      SELECT TOP(1) [u].[id_usuario], [u].[activo], [u].[creado_en], [u].[id_rol], [u].[password_hash], [u].[rut_personal], [u].[ultimo_acceso]
      FROM [Usuario] AS [u]
      WHERE [u].[rut_personal] = @__persona_RutPersonal_0
info: Microsoft.EntityFrameworkCore.Database.Command[20101]
      Executed DbCommand (0ms) [Parameters=[@__persona_RutPersonal_0='?' (Size = 450)], CommandType='Text', CommandTimeout='30']
      SELECT CASE
          WHEN EXISTS (
              SELECT 1
              FROM [Usuario] AS [u]
              WHERE [u].[rut_personal] = @__persona_RutPersonal_0) THEN CAST(1 AS bit)
          ELSE CAST(0 AS bit)
      END
info: Microsoft.EntityFrameworkCore.Database.Command[20101]
      Executed DbCommand (1ms) [Parameters=[@__persona_RutPersonal_0='?' (Size = 450)], CommandType='Text', CommandTimeout='30']
      SELECT TOP(1) [u].[id_usuario], [u].[activo], [u].[creado_en], [u].[id_rol], [u].[password_hash], [u].[rut_personal], [u].[ultimo_acceso]
      FROM [Usuario] AS [u]
      WHERE [u].[rut_personal] = @__persona_RutPersonal_0
info: Microsoft.EntityFrameworkCore.Database.Command[20101]
      Executed DbCommand (1ms) [Parameters=[@__persona_RutPersonal_0='?' (Size = 450)], CommandType='Text', CommandTimeout='30']
      SELECT CASE
          WHEN EXISTS (
              SELECT 1
              FROM [Usuario] AS [u]
              WHERE [u].[rut_personal] = @__persona_RutPersonal_0) THEN CAST(1 AS bit)
          ELSE CAST(0 AS bit)
      END
info: Microsoft.EntityFrameworkCore.Database.Command[20101]
      Executed DbCommand (1ms) [Parameters=[@__persona_RutPersonal_0='?' (Size = 450)], CommandType='Text', CommandTimeout='30']
      SELECT TOP(1) [u].[id_usuario], [u].[activo], [u].[creado_en], [u].[id_rol], [u].[password_hash], [u].[rut_personal], [u].[ultimo_acceso]
      FROM [Usuario] AS [u]
      WHERE [u].[rut_personal] = @__persona_RutPersonal_0
info: Microsoft.EntityFrameworkCore.Database.Command[20101]
      Executed DbCommand (1ms) [Parameters=[], CommandType='Text', CommandTimeout='30']
      SELECT [u].[id_usuario], [u].[activo], [u].[creado_en], [u].[id_rol], [u].[password_hash], [u].[rut_personal], [u].[ultimo_acceso]
      FROM [Usuario] AS [u]
info: Microsoft.EntityFrameworkCore.Database.Command[20101]
      Executed DbCommand (2ms) [Parameters=[], CommandType='Text', CommandTimeout='30']
      SELECT CASE
          WHEN EXISTS (
              SELECT 1
              FROM [Tecnologia] AS [t]) THEN CAST(1 AS bit)
          ELSE CAST(0 AS bit)
      END
info: Microsoft.EntityFrameworkCore.Database.Command[20101]
      Executed DbCommand (1ms) [Parameters=[], CommandType='Text', CommandTimeout='30']
      SELECT CASE
          WHEN EXISTS (
              SELECT 1
              FROM [Estado_impresion] AS [e]) THEN CAST(1 AS bit)
          ELSE CAST(0 AS bit)
      END
info: Microsoft.EntityFrameworkCore.Database.Command[20101]
      Executed DbCommand (1ms) [Parameters=[], CommandType='Text', CommandTimeout='30']
      SELECT [e].[id_estado_impresion], [e].[estado_impresion]
      FROM [Estado_impresion] AS [e]
      ORDER BY [e].[id_estado_impresion]
info: Microsoft.EntityFrameworkCore.Database.Command[20101]
      Executed DbCommand (1ms) [Parameters=[], CommandType='Text', CommandTimeout='30']
      SELECT [e].[id_estado_impresion], [e].[estado_impresion]
      FROM [Estado_impresion] AS [e]
      ORDER BY [e].[id_estado_impresion]
info: Microsoft.EntityFrameworkCore.Database.Command[20101]
      Executed DbCommand (0ms) [Parameters=[], CommandType='Text', CommandTimeout='30']
      SELECT [e].[id_estado_impresion], [e].[estado_impresion]
      FROM [Estado_impresion] AS [e]
      ORDER BY [e].[id_estado_impresion]
info: Microsoft.EntityFrameworkCore.Database.Command[20101]
      Executed DbCommand (2ms) [Parameters=[@p0='?' (Size = 4000), @p1='?' (DbType = Int32)], CommandType='Text', CommandTimeout='30']
      UPDATE [Estado_impresion]
SET [estado_impresion] = @p0
WHERE [id_estado_impresion] = @p1;
info: Microsoft.EntityFrameworkCore.Database.Command[20101]
      Executed DbCommand (1ms) [Parameters=[@p0='?' (Size = 4000), @p1='?' (DbType = Int32)], CommandType='Text', CommandTimeout='30']
      UPDATE [Estado_impresion]
SET [estado_impresion] = @p0
WHERE [id_estado_impresion] = @p1;
info: Microsoft.EntityFrameworkCore.Database.Command[20101]
      Executed DbCommand (1ms) [Parameters=[@p0='?' (Size = 4000), @p1='?' (DbType = Int32)], CommandType='Text', CommandTimeout='30']
      UPDATE [Estado_impresion]
SET [estado_impresion] = @p0
WHERE [id_estado_impresion] = @p1;
info: Microsoft.EntityFrameworkCore.Database.Command[20101]
      Executed DbCommand (8ms) [Parameters=[@p0='?' (Size = 4000), @p1='?' (DbType = Int32)], CommandType='Text', CommandTimeout='30']
      UPDATE [Estado_impresion]
SET [estado_impresion] = @p0
WHERE [id_estado_impresion] = @p1;
info: Microsoft.EntityFrameworkCore.Database.Command[20101]
      Executed DbCommand (3ms) [Parameters=[], CommandType='Text', CommandTimeout='30']
      SELECT CASE
          WHEN EXISTS (
              SELECT 1
              FROM [Asignaciones] AS [a]) THEN CAST(1 AS bit)
          ELSE CAST(0 AS bit)
      END
info: Microsoft.EntityFrameworkCore.Database.Command[20101]
      Executed DbCommand (2ms) [Parameters=[], CommandType='Text', CommandTimeout='30']
      SELECT CASE
          WHEN EXISTS (
              SELECT 1
              FROM [Reparacion] AS [r]) THEN CAST(1 AS bit)
          ELSE CAST(0 AS bit)
      END
info: Microsoft.EntityFrameworkCore.Database.Command[20101]
      Executed DbCommand (3ms) [Parameters=[], CommandType='Text', CommandTimeout='30']
      SELECT CASE
          WHEN EXISTS (
              SELECT 1
              FROM [De_baja] AS [d]) THEN CAST(1 AS bit)
          ELSE CAST(0 AS bit)
      END
info: Microsoft.EntityFrameworkCore.Database.Command[20101]
      Executed DbCommand (1ms) [Parameters=[], CommandType='Text', CommandTimeout='30']
      SELECT CASE
          WHEN EXISTS (
              SELECT 1
              FROM [Solicitud_impresion] AS [s]) THEN CAST(1 AS bit)
          ELSE CAST(0 AS bit)
      END
info: Microsoft.EntityFrameworkCore.Database.Command[20101]
      Executed DbCommand (0ms) [Parameters=[], CommandType='Text', CommandTimeout='30']
      SELECT [e].[id_estado_impresion], [e].[estado_impresion]
      FROM [Estado_impresion] AS [e]
      ORDER BY [e].[id_estado_impresion]
info: Microsoft.EntityFrameworkCore.Database.Command[20101]
      Executed DbCommand (0ms) [Parameters=[], CommandType='Text', CommandTimeout='30']
      SELECT [e].[id_estado_impresion], [e].[estado_impresion]
      FROM [Estado_impresion] AS [e]
      ORDER BY [e].[id_estado_impresion]
info: Microsoft.EntityFrameworkCore.Database.Command[20101]
      Executed DbCommand (0ms) [Parameters=[], CommandType='Text', CommandTimeout='30']
      SELECT [e].[id_estado_impresion], [e].[estado_impresion]
      FROM [Estado_impresion] AS [e]
      ORDER BY [e].[id_estado_impresion]
info: Microsoft.EntityFrameworkCore.Database.Command[20101]
      Executed DbCommand (1ms) [Parameters=[@p0='?' (Size = 4000), @p1='?' (DbType = Int32)], CommandType='Text', CommandTimeout='30']
      UPDATE [Estado_impresion]
SET [estado_impresion] = @p0
WHERE [id_estado_impresion] = @p1;
info: Microsoft.EntityFrameworkCore.Database.Command[20101]
      Executed DbCommand (1ms) [Parameters=[@p0='?' (Size = 4000), @p1='?' (DbType = Int32)], CommandType='Text', CommandTimeout='30']
      UPDATE [Estado_impresion]
SET [estado_impresion] = @p0
WHERE [id_estado_impresion] = @p1;
info: Microsoft.EntityFrameworkCore.Database.Command[20101]
      Executed DbCommand (0ms) [Parameters=[@p0='?' (Size = 4000), @p1='?' (DbType = Int32)], CommandType='Text', CommandTimeout='30']
      UPDATE [Estado_impresion]
SET [estado_impresion] = @p0
WHERE [id_estado_impresion] = @p1;
info: Microsoft.EntityFrameworkCore.Database.Command[20101]
      Executed DbCommand (0ms) [Parameters=[@p0='?' (Size = 4000), @p1='?' (DbType = Int32)], CommandType='Text', CommandTimeout='30']
      UPDATE [Estado_impresion]
SET [estado_impresion] = @p0
WHERE [id_estado_impresion] = @p1;
info: Microsoft.EntityFrameworkCore.Database.Command[20101]
      Executed DbCommand (2ms) [Parameters=[], CommandType='Text', CommandTimeout='30']
      SELECT CASE
          WHEN EXISTS (
              SELECT 1
              FROM [Insumo] AS [i]) THEN CAST(1 AS bit)
          ELSE CAST(0 AS bit)
      END
info: Microsoft.EntityFrameworkCore.Database.Command[20101]
      Executed DbCommand (2ms) [Parameters=[], CommandType='Text', CommandTimeout='30']
      SELECT CASE
          WHEN EXISTS (
              SELECT 1
              FROM [Bitacoras] AS [b]) THEN CAST(1 AS bit)
          ELSE CAST(0 AS bit)
      END
info: Microsoft.Hosting.Lifetime[14]
      Now listening on: http://localhost:5088
info: Microsoft.Hosting.Lifetime[0]
      Application started. Press Ctrl+C to shut down.
info: Microsoft.Hosting.Lifetime[0]
      Hosting environment: Production
info: Microsoft.Hosting.Lifetime[0]
      Content root path: C:\Users\Andres\Desktop\SistemaEscolarWeb
